2023-10-13 10:59:46,677 INFO o.a.j.u.JMeterUtils: Setting Locale to en_EN
2023-10-13 10:59:46,688 INFO o.a.j.JMeter: Loading user properties from: D:\APP\apache-jmeter-5.4.1\bin\user.properties
2023-10-13 10:59:46,689 INFO o.a.j.JMeter: Loading system properties from: D:\APP\apache-jmeter-5.4.1\bin\system.properties
2023-10-13 10:59:46,693 INFO o.a.j.JMeter: Copyright (c) 1998-2021 The Apache Software Foundation
2023-10-13 10:59:46,694 INFO o.a.j.JMeter: Version 5.4.1
2023-10-13 10:59:46,694 INFO o.a.j.JMeter: java.version=12.0.2
2023-10-13 10:59:46,694 INFO o.a.j.JMeter: java.vm.name=Java HotSpot(TM) 64-Bit Server VM
2023-10-13 10:59:46,694 INFO o.a.j.JMeter: os.name=Windows 10
2023-10-13 10:59:46,694 INFO o.a.j.JMeter: os.arch=amd64
2023-10-13 10:59:46,694 INFO o.a.j.JMeter: os.version=10.0
2023-10-13 10:59:46,694 INFO o.a.j.JMeter: file.encoding=GBK
2023-10-13 10:59:46,694 INFO o.a.j.JMeter: java.awt.headless=true
2023-10-13 10:59:46,694 INFO o.a.j.JMeter: Max memory     =1073741824
2023-10-13 10:59:46,694 INFO o.a.j.JMeter: Available Processors =12
2023-10-13 10:59:46,700 INFO o.a.j.JMeter: Default Locale=English (EN)
2023-10-13 10:59:46,700 INFO o.a.j.JMeter: JMeter  Locale=English (EN)
2023-10-13 10:59:46,700 INFO o.a.j.JMeter: JMeterHome=D:\APP\apache-jmeter-5.4.1
2023-10-13 10:59:46,700 INFO o.a.j.JMeter: user.dir  =D:\github\Xdocode\Jmeter
2023-10-13 10:59:46,700 INFO o.a.j.JMeter: PWD       =D:\github\Xdocode\Jmeter
2023-10-13 10:59:46,707 INFO o.a.j.JMeter: IP: 192.168.144.25 Name: DESKTOP-M1B1JD4 FullName: host.docker.internal
2023-10-13 10:59:46,710 INFO o.a.j.s.FileServer: Default base='D:\github\Xdocode\Jmeter'
2023-10-13 10:59:46,711 INFO o.a.j.s.FileServer: Set new base='D:\github\Xdocode\Jmeter'
2023-10-13 10:59:46,787 INFO o.a.j.s.SaveService: Testplan (JMX) version: 2.2. Testlog (JTL) version: 2.2
2023-10-13 10:59:46,800 INFO o.a.j.s.SaveService: Using SaveService properties version 5.0
2023-10-13 10:59:46,802 INFO o.a.j.s.SaveService: Using SaveService properties file encoding UTF-8
2023-10-13 10:59:46,804 INFO o.a.j.s.SaveService: Loading file: demo1.jmx
2023-10-13 10:59:46,843 INFO o.a.j.p.h.s.HTTPSamplerBase: Parser for text/html is org.apache.jmeter.protocol.http.parser.LagartoBasedHtmlParser
2023-10-13 10:59:46,843 INFO o.a.j.p.h.s.HTTPSamplerBase: Parser for application/xhtml+xml is org.apache.jmeter.protocol.http.parser.LagartoBasedHtmlParser
2023-10-13 10:59:46,843 INFO o.a.j.p.h.s.HTTPSamplerBase: Parser for application/xml is org.apache.jmeter.protocol.http.parser.LagartoBasedHtmlParser
2023-10-13 10:59:46,843 INFO o.a.j.p.h.s.HTTPSamplerBase: Parser for text/xml is org.apache.jmeter.protocol.http.parser.LagartoBasedHtmlParser
2023-10-13 10:59:46,844 INFO o.a.j.p.h.s.HTTPSamplerBase: Parser for text/vnd.wap.wml is org.apache.jmeter.protocol.http.parser.RegexpHTMLParser
2023-10-13 10:59:46,844 INFO o.a.j.p.h.s.HTTPSamplerBase: Parser for text/css is org.apache.jmeter.protocol.http.parser.CssParser
2023-10-13 10:59:46,865 INFO o.a.j.JMeter: Creating summariser <summary>
2023-10-13 10:59:46,871 INFO o.a.j.e.StandardJMeterEngine: Running the test!
2023-10-13 10:59:46,873 INFO o.a.j.s.SampleEvent: List of sample_variables: []
2023-10-13 10:59:46,873 INFO o.a.j.s.SampleEvent: List of sample_variables: []
2023-10-13 10:59:46,881 INFO o.a.j.e.u.CompoundVariable: Note: Function class names must contain the string: '.functions.'
2023-10-13 10:59:46,881 INFO o.a.j.e.u.CompoundVariable: Note: Function class names must not contain the string: '.gui.'
2023-10-13 10:59:47,098 INFO o.a.j.JMeter: Running test (1697165987098)
2023-10-13 10:59:47,112 INFO o.a.j.e.StandardJMeterEngine: Starting ThreadGroup: 1 : Thread Group
2023-10-13 10:59:47,112 INFO o.a.j.e.StandardJMeterEngine: Starting 100 threads for group Thread Group.
2023-10-13 10:59:47,112 INFO o.a.j.e.StandardJMeterEngine: Thread will continue on error
2023-10-13 10:59:47,112 INFO o.a.j.t.ThreadGroup: Starting thread group... number=1 threads=100 ramp-up=1 delayedStart=false
2023-10-13 10:59:47,121 INFO o.a.j.t.JMeterThread: Thread started: Thread Group 1-1
2023-10-13 10:59:47,127 INFO o.a.j.t.JMeterThread: Thread started: Thread Group 1-2
2023-10-13 10:59:47,137 INFO o.a.j.t.JMeterThread: Thread started: Thread Group 1-3
2023-10-13 10:59:47,144 INFO o.a.j.t.JMeterThread: Thread started: Thread Group 1-4
2023-10-13 10:59:47,147 INFO o.a.j.t.ThreadGroup: Started thread group number 1
2023-10-13 10:59:47,147 INFO o.a.j.p.h.s.HTTPHCAbstractImpl: Local host = DESKTOP-M1B1JD4
2023-10-13 10:59:47,148 INFO o.a.j.e.StandardJMeterEngine: All thread groups have been started
2023-10-13 10:59:47,152 INFO o.a.j.p.h.s.HTTPHC4Impl: HTTP request retry count = 0
2023-10-13 10:59:47,153 INFO o.a.j.s.SampleResult: Note: Sample TimeStamps are START times
2023-10-13 10:59:47,154 INFO o.a.j.s.SampleResult: sampleresult.default.encoding is set to ISO-8859-1
2023-10-13 10:59:47,154 INFO o.a.j.s.SampleResult: sampleresult.useNanoTime=true
2023-10-13 10:59:47,154 INFO o.a.j.s.SampleResult: sampleresult.nanoThreadSleep=5000
2023-10-13 10:59:47,154 INFO o.a.j.t.JMeterThread: Thread started: Thread Group 1-5
2023-10-13 10:59:47,163 INFO o.a.j.t.JMeterThread: Thread started: Thread Group 1-6
2023-10-13 10:59:47,174 INFO o.a.j.t.JMeterThread: Thread started: Thread Group 1-7
2023-10-13 10:59:47,184 INFO o.a.j.t.JMeterThread: Thread started: Thread Group 1-8
2023-10-13 10:59:47,194 INFO o.a.j.t.JMeterThread: Thread started: Thread Group 1-9
2023-10-13 10:59:47,204 INFO o.a.j.t.JMeterThread: Thread started: Thread Group 1-10
2023-10-13 10:59:47,214 INFO o.a.j.t.JMeterThread: Thread started: Thread Group 1-11
2023-10-13 10:59:47,224 INFO o.a.j.t.JMeterThread: Thread started: Thread Group 1-12
2023-10-13 10:59:47,232 INFO o.a.j.t.JMeterThread: Thread started: Thread Group 1-13
2023-10-13 10:59:47,243 INFO o.a.j.t.JMeterThread: Thread started: Thread Group 1-14
2023-10-13 10:59:47,252 INFO o.a.j.t.JMeterThread: Thread started: Thread Group 1-15
2023-10-13 10:59:47,259 INFO o.a.j.r.Summariser: summary +      1 in 00:00:00 =    6.3/s Avg:    36 Min:    36 Max:    36 Err:     0 (0.00%) Active: 15 Started: 15 Finished: 0
2023-10-13 10:59:47,264 INFO o.a.j.t.JMeterThread: Thread started: Thread Group 1-16
2023-10-13 10:59:47,274 INFO o.a.j.t.JMeterThread: Thread started: Thread Group 1-17
2023-10-13 10:59:47,283 INFO o.a.j.t.JMeterThread: Thread started: Thread Group 1-18
2023-10-13 10:59:47,293 INFO o.a.j.t.JMeterThread: Thread started: Thread Group 1-19
2023-10-13 10:59:47,304 INFO o.a.j.t.JMeterThread: Thread started: Thread Group 1-20
2023-10-13 10:59:47,314 INFO o.a.j.t.JMeterThread: Thread started: Thread Group 1-21
2023-10-13 10:59:47,323 INFO o.a.j.t.JMeterThread: Thread started: Thread Group 1-22
2023-10-13 10:59:47,333 INFO o.a.j.t.JMeterThread: Thread started: Thread Group 1-23
2023-10-13 10:59:47,344 INFO o.a.j.t.JMeterThread: Thread started: Thread Group 1-24
2023-10-13 10:59:47,353 INFO o.a.j.t.JMeterThread: Thread started: Thread Group 1-25
2023-10-13 10:59:47,362 INFO o.a.j.t.JMeterThread: Thread started: Thread Group 1-26
2023-10-13 10:59:47,372 INFO o.a.j.t.JMeterThread: Thread started: Thread Group 1-27
2023-10-13 10:59:47,384 INFO o.a.j.t.JMeterThread: Thread started: Thread Group 1-28
2023-10-13 10:59:47,393 INFO o.a.j.t.JMeterThread: Thread started: Thread Group 1-29
2023-10-13 10:59:47,403 INFO o.a.j.t.JMeterThread: Thread started: Thread Group 1-30
2023-10-13 10:59:47,412 INFO o.a.j.t.JMeterThread: Thread started: Thread Group 1-31
2023-10-13 10:59:47,423 INFO o.a.j.t.JMeterThread: Thread started: Thread Group 1-32
2023-10-13 10:59:47,432 INFO o.a.j.t.JMeterThread: Thread started: Thread Group 1-33
2023-10-13 10:59:47,443 INFO o.a.j.t.JMeterThread: Thread started: Thread Group 1-34
2023-10-13 10:59:47,452 INFO o.a.j.t.JMeterThread: Thread started: Thread Group 1-35
2023-10-13 10:59:47,463 INFO o.a.j.t.JMeterThread: Thread started: Thread Group 1-36
2023-10-13 10:59:47,474 INFO o.a.j.t.JMeterThread: Thread started: Thread Group 1-37
2023-10-13 10:59:47,482 INFO o.a.j.t.JMeterThread: Thread started: Thread Group 1-38
2023-10-13 10:59:47,492 INFO o.a.j.t.JMeterThread: Thread started: Thread Group 1-39
2023-10-13 10:59:47,503 INFO o.a.j.t.JMeterThread: Thread started: Thread Group 1-40
2023-10-13 10:59:47,514 INFO o.a.j.t.JMeterThread: Thread started: Thread Group 1-41
2023-10-13 10:59:47,523 INFO o.a.j.t.JMeterThread: Thread started: Thread Group 1-42
2023-10-13 10:59:47,533 INFO o.a.j.t.JMeterThread: Thread started: Thread Group 1-43
2023-10-13 10:59:47,542 INFO o.a.j.t.JMeterThread: Thread started: Thread Group 1-44
2023-10-13 10:59:47,553 INFO o.a.j.t.JMeterThread: Thread started: Thread Group 1-45
2023-10-13 10:59:47,563 INFO o.a.j.t.JMeterThread: Thread started: Thread Group 1-46
2023-10-13 10:59:47,572 INFO o.a.j.t.JMeterThread: Thread started: Thread Group 1-47
2023-10-13 10:59:47,582 INFO o.a.j.t.JMeterThread: Thread started: Thread Group 1-48
2023-10-13 10:59:47,593 INFO o.a.j.t.JMeterThread: Thread started: Thread Group 1-49
2023-10-13 10:59:47,603 INFO o.a.j.t.JMeterThread: Thread started: Thread Group 1-50
2023-10-13 10:59:47,612 INFO o.a.j.t.JMeterThread: Thread started: Thread Group 1-51
2023-10-13 10:59:47,622 INFO o.a.j.t.JMeterThread: Thread started: Thread Group 1-52
2023-10-13 10:59:47,633 INFO o.a.j.t.JMeterThread: Thread started: Thread Group 1-53
2023-10-13 10:59:47,643 INFO o.a.j.t.JMeterThread: Thread started: Thread Group 1-54
2023-10-13 10:59:47,652 INFO o.a.j.t.JMeterThread: Thread started: Thread Group 1-55
2023-10-13 10:59:47,663 INFO o.a.j.t.JMeterThread: Thread started: Thread Group 1-56
2023-10-13 10:59:47,673 INFO o.a.j.t.JMeterThread: Thread started: Thread Group 1-57
2023-10-13 10:59:47,682 INFO o.a.j.t.JMeterThread: Thread started: Thread Group 1-58
2023-10-13 10:59:47,692 INFO o.a.j.t.JMeterThread: Thread started: Thread Group 1-59
2023-10-13 10:59:47,702 INFO o.a.j.t.JMeterThread: Thread started: Thread Group 1-60
2023-10-13 10:59:47,713 INFO o.a.j.t.JMeterThread: Thread started: Thread Group 1-61
2023-10-13 10:59:47,724 INFO o.a.j.t.JMeterThread: Thread started: Thread Group 1-62
2023-10-13 10:59:47,733 INFO o.a.j.t.JMeterThread: Thread started: Thread Group 1-63
2023-10-13 10:59:47,743 INFO o.a.j.t.JMeterThread: Thread started: Thread Group 1-64
2023-10-13 10:59:47,753 INFO o.a.j.t.JMeterThread: Thread started: Thread Group 1-65
2023-10-13 10:59:47,764 INFO o.a.j.t.JMeterThread: Thread started: Thread Group 1-66
2023-10-13 10:59:47,773 INFO o.a.j.t.JMeterThread: Thread started: Thread Group 1-67
2023-10-13 10:59:47,783 INFO o.a.j.t.JMeterThread: Thread started: Thread Group 1-68
2023-10-13 10:59:47,792 INFO o.a.j.t.JMeterThread: Thread started: Thread Group 1-69
2023-10-13 10:59:47,802 INFO o.a.j.t.JMeterThread: Thread started: Thread Group 1-70
2023-10-13 10:59:47,812 INFO o.a.j.t.JMeterThread: Thread started: Thread Group 1-71
2023-10-13 10:59:47,823 INFO o.a.j.t.JMeterThread: Thread started: Thread Group 1-72
2023-10-13 10:59:47,834 INFO o.a.j.t.JMeterThread: Thread started: Thread Group 1-73
2023-10-13 10:59:47,843 INFO o.a.j.t.JMeterThread: Thread started: Thread Group 1-74
2023-10-13 10:59:47,855 INFO o.a.j.t.JMeterThread: Thread started: Thread Group 1-75
2023-10-13 10:59:47,863 INFO o.a.j.t.JMeterThread: Thread started: Thread Group 1-76
2023-10-13 10:59:47,872 INFO o.a.j.t.JMeterThread: Thread started: Thread Group 1-77
2023-10-13 10:59:47,883 INFO o.a.j.t.JMeterThread: Thread started: Thread Group 1-78
2023-10-13 10:59:47,893 INFO o.a.j.t.JMeterThread: Thread started: Thread Group 1-79
2023-10-13 10:59:47,902 INFO o.a.j.t.JMeterThread: Thread started: Thread Group 1-80
2023-10-13 10:59:47,912 INFO o.a.j.t.JMeterThread: Thread started: Thread Group 1-81
2023-10-13 10:59:47,922 INFO o.a.j.t.JMeterThread: Thread started: Thread Group 1-82
2023-10-13 10:59:47,933 INFO o.a.j.t.JMeterThread: Thread started: Thread Group 1-83
2023-10-13 10:59:47,943 INFO o.a.j.t.JMeterThread: Thread started: Thread Group 1-84
2023-10-13 10:59:47,953 INFO o.a.j.t.JMeterThread: Thread started: Thread Group 1-85
2023-10-13 10:59:47,963 INFO o.a.j.t.JMeterThread: Thread started: Thread Group 1-86
2023-10-13 10:59:47,973 INFO o.a.j.t.JMeterThread: Thread started: Thread Group 1-87
2023-10-13 10:59:47,984 INFO o.a.j.t.JMeterThread: Thread started: Thread Group 1-88
2023-10-13 10:59:47,993 INFO o.a.j.t.JMeterThread: Thread started: Thread Group 1-89
2023-10-13 10:59:48,002 INFO o.a.j.t.JMeterThread: Thread started: Thread Group 1-90
2023-10-13 10:59:48,012 INFO o.a.j.t.JMeterThread: Thread started: Thread Group 1-91
2023-10-13 10:59:48,022 INFO o.a.j.t.JMeterThread: Thread started: Thread Group 1-92
2023-10-13 10:59:48,034 INFO o.a.j.t.JMeterThread: Thread started: Thread Group 1-93
2023-10-13 10:59:48,044 INFO o.a.j.t.JMeterThread: Thread started: Thread Group 1-94
2023-10-13 10:59:48,056 INFO o.a.j.t.JMeterThread: Thread started: Thread Group 1-95
2023-10-13 10:59:48,065 INFO o.a.j.t.JMeterThread: Thread started: Thread Group 1-96
2023-10-13 10:59:48,072 INFO o.a.j.t.JMeterThread: Thread started: Thread Group 1-97
2023-10-13 10:59:48,082 INFO o.a.j.t.JMeterThread: Thread started: Thread Group 1-98
2023-10-13 10:59:48,092 INFO o.a.j.t.JMeterThread: Thread started: Thread Group 1-99
2023-10-13 10:59:48,104 INFO o.a.j.t.JMeterThread: Thread started: Thread Group 1-100
2023-10-13 10:59:53,265 INFO o.a.j.r.Summariser: summary +    132 in 00:00:06 =   22.0/s Avg:  1508 Min:     5 Max:  4007 Err:     0 (0.00%) Active: 100 Started: 100 Finished: 0
2023-10-13 10:59:53,265 INFO o.a.j.r.Summariser: summary =    133 in 00:00:06 =   21.6/s Avg:  1497 Min:     5 Max:  4007 Err:     0 (0.00%)
2023-10-13 10:59:59,272 INFO o.a.j.r.Summariser: summary +     41 in 00:00:06 =    6.8/s Avg:  6326 Min:  3987 Max:  9987 Err:     0 (0.00%) Active: 100 Started: 100 Finished: 0
2023-10-13 10:59:59,273 INFO o.a.j.r.Summariser: summary =    174 in 00:00:12 =   14.3/s Avg:  2635 Min:     5 Max:  9987 Err:     0 (0.00%)
2023-10-13 11:00:05,276 INFO o.a.j.r.Summariser: summary +    125 in 00:00:06 =   20.8/s Avg:  8626 Min:    49 Max: 15841 Err:     0 (0.00%) Active: 100 Started: 100 Finished: 0
2023-10-13 11:00:05,277 INFO o.a.j.r.Summariser: summary =    299 in 00:00:18 =   16.4/s Avg:  5140 Min:     5 Max: 15841 Err:     0 (0.00%)
2023-10-13 11:00:11,280 INFO o.a.j.r.Summariser: summary +     44 in 00:00:06 =    7.3/s Avg:  5292 Min:  1998 Max: 15840 Err:     0 (0.00%) Active: 100 Started: 100 Finished: 0
2023-10-13 11:00:11,281 INFO o.a.j.r.Summariser: summary =    343 in 00:00:24 =   14.2/s Avg:  5159 Min:     5 Max: 15841 Err:     0 (0.00%)
2023-10-13 11:00:17,288 INFO o.a.j.t.JMeterThread: Stopping because end time detected by thread: Thread Group 1-90
2023-10-13 11:00:17,288 INFO o.a.j.t.JMeterThread: Stopping because end time detected by thread: Thread Group 1-81
2023-10-13 11:00:17,288 INFO o.a.j.r.Summariser: summary +     53 in 00:00:06 =    8.8/s Avg: 10279 Min:  7828 Max: 13833 Err:     0 (0.00%) Active: 100 Started: 100 Finished: 0
2023-10-13 11:00:17,288 INFO o.a.j.t.JMeterThread: Thread finished: Thread Group 1-81
2023-10-13 11:00:17,288 INFO o.a.j.t.JMeterThread: Stopping because end time detected by thread: Thread Group 1-93
2023-10-13 11:00:17,289 INFO o.a.j.t.JMeterThread: Thread finished: Thread Group 1-93
2023-10-13 11:00:17,289 INFO o.a.j.t.JMeterThread: Thread finished: Thread Group 1-90
2023-10-13 11:00:17,289 INFO o.a.j.t.JMeterThread: Stopping because end time detected by thread: Thread Group 1-6
2023-10-13 11:00:17,289 INFO o.a.j.t.JMeterThread: Thread finished: Thread Group 1-6
2023-10-13 11:00:17,290 INFO o.a.j.t.JMeterThread: Stopping because end time detected by thread: Thread Group 1-35
2023-10-13 11:00:17,290 INFO o.a.j.r.Summariser: summary =    396 in 00:00:30 =   13.1/s Avg:  5844 Min:     5 Max: 15841 Err:     0 (0.00%)
2023-10-13 11:00:17,290 INFO o.a.j.t.JMeterThread: Thread finished: Thread Group 1-35
2023-10-13 11:00:17,291 INFO o.a.j.t.JMeterThread: Stopping because end time detected by thread: Thread Group 1-19
2023-10-13 11:00:17,291 INFO o.a.j.t.JMeterThread: Thread finished: Thread Group 1-19
2023-10-13 11:00:17,291 INFO o.a.j.t.JMeterThread: Stopping because end time detected by thread: Thread Group 1-82
2023-10-13 11:00:17,291 INFO o.a.j.t.JMeterThread: Stopping because end time detected by thread: Thread Group 1-97
2023-10-13 11:00:17,291 INFO o.a.j.t.JMeterThread: Thread finished: Thread Group 1-82
2023-10-13 11:00:17,291 INFO o.a.j.t.JMeterThread: Stopping because end time detected by thread: Thread Group 1-21
2023-10-13 11:00:17,291 INFO o.a.j.t.JMeterThread: Thread finished: Thread Group 1-97
2023-10-13 11:00:17,292 INFO o.a.j.t.JMeterThread: Thread finished: Thread Group 1-21
2023-10-13 11:00:17,292 INFO o.a.j.t.JMeterThread: Stopping because end time detected by thread: Thread Group 1-85
2023-10-13 11:00:17,292 INFO o.a.j.t.JMeterThread: Thread finished: Thread Group 1-85
2023-10-13 11:00:17,292 INFO o.a.j.t.JMeterThread: Stopping because end time detected by thread: Thread Group 1-53
2023-10-13 11:00:17,293 INFO o.a.j.t.JMeterThread: Thread finished: Thread Group 1-53
2023-10-13 11:00:17,293 INFO o.a.j.t.JMeterThread: Stopping because end time detected by thread: Thread Group 1-43
2023-10-13 11:00:17,293 INFO o.a.j.t.JMeterThread: Thread finished: Thread Group 1-43
2023-10-13 11:00:17,294 INFO o.a.j.t.JMeterThread: Stopping because end time detected by thread: Thread Group 1-27
2023-10-13 11:00:17,294 INFO o.a.j.t.JMeterThread: Thread finished: Thread Group 1-27
2023-10-13 11:00:17,295 INFO o.a.j.t.JMeterThread: Stopping because end time detected by thread: Thread Group 1-14
2023-10-13 11:00:17,295 INFO o.a.j.t.JMeterThread: Thread finished: Thread Group 1-14
2023-10-13 11:00:17,295 INFO o.a.j.t.JMeterThread: Stopping because end time detected by thread: Thread Group 1-77
2023-10-13 11:00:17,295 INFO o.a.j.t.JMeterThread: Stopping because end time detected by thread: Thread Group 1-79
2023-10-13 11:00:17,295 INFO o.a.j.t.JMeterThread: Thread finished: Thread Group 1-77
2023-10-13 11:00:17,295 INFO o.a.j.t.JMeterThread: Thread finished: Thread Group 1-79
2023-10-13 11:00:17,296 INFO o.a.j.t.JMeterThread: Stopping because end time detected by thread: Thread Group 1-40
2023-10-13 11:00:17,296 INFO o.a.j.t.JMeterThread: Thread finished: Thread Group 1-40
2023-10-13 11:00:17,296 INFO o.a.j.t.JMeterThread: Stopping because end time detected by thread: Thread Group 1-20
2023-10-13 11:00:17,296 INFO o.a.j.t.JMeterThread: Thread finished: Thread Group 1-20
2023-10-13 11:00:17,302 INFO o.a.j.t.JMeterThread: Stopping because end time detected by thread: Thread Group 1-73
2023-10-13 11:00:17,302 INFO o.a.j.t.JMeterThread: Thread finished: Thread Group 1-73
2023-10-13 11:00:17,453 INFO o.a.j.t.JMeterThread: Stopping because end time detected by thread: Thread Group 1-22
2023-10-13 11:00:17,453 INFO o.a.j.t.JMeterThread: Thread finished: Thread Group 1-22
2023-10-13 11:00:17,453 INFO o.a.j.t.JMeterThread: Stopping because end time detected by thread: Thread Group 1-58
2023-10-13 11:00:17,453 INFO o.a.j.t.JMeterThread: Thread finished: Thread Group 1-58
2023-10-13 11:00:17,453 INFO o.a.j.t.JMeterThread: Stopping because end time detected by thread: Thread Group 1-25
2023-10-13 11:00:17,454 INFO o.a.j.t.JMeterThread: Thread finished: Thread Group 1-25
2023-10-13 11:00:17,454 INFO o.a.j.t.JMeterThread: Stopping because end time detected by thread: Thread Group 1-98
2023-10-13 11:00:17,454 INFO o.a.j.t.JMeterThread: Stopping because end time detected by thread: Thread Group 1-94
2023-10-13 11:00:17,454 INFO o.a.j.t.JMeterThread: Thread finished: Thread Group 1-98
2023-10-13 11:00:17,454 INFO o.a.j.t.JMeterThread: Thread finished: Thread Group 1-94
2023-10-13 11:00:17,454 INFO o.a.j.t.JMeterThread: Stopping because end time detected by thread: Thread Group 1-64
2023-10-13 11:00:17,454 INFO o.a.j.t.JMeterThread: Thread finished: Thread Group 1-64
2023-10-13 11:00:17,454 INFO o.a.j.t.JMeterThread: Stopping because end time detected by thread: Thread Group 1-75
2023-10-13 11:00:17,454 INFO o.a.j.t.JMeterThread: Thread finished: Thread Group 1-75
2023-10-13 11:00:17,455 INFO o.a.j.t.JMeterThread: Stopping because end time detected by thread: Thread Group 1-30
2023-10-13 11:00:17,455 INFO o.a.j.t.JMeterThread: Thread finished: Thread Group 1-30
2023-10-13 11:00:17,455 INFO o.a.j.t.JMeterThread: Stopping because end time detected by thread: Thread Group 1-71
2023-10-13 11:00:17,455 INFO o.a.j.t.JMeterThread: Thread finished: Thread Group 1-71
2023-10-13 11:00:17,457 INFO o.a.j.t.JMeterThread: Stopping because end time detected by thread: Thread Group 1-18
2023-10-13 11:00:17,457 INFO o.a.j.t.JMeterThread: Thread finished: Thread Group 1-18
2023-10-13 11:00:17,457 INFO o.a.j.t.JMeterThread: Stopping because end time detected by thread: Thread Group 1-50
2023-10-13 11:00:17,458 INFO o.a.j.t.JMeterThread: Thread finished: Thread Group 1-50
2023-10-13 11:00:17,458 INFO o.a.j.t.JMeterThread: Stopping because end time detected by thread: Thread Group 1-67
2023-10-13 11:00:17,458 INFO o.a.j.t.JMeterThread: Thread finished: Thread Group 1-67
2023-10-13 11:00:17,458 INFO o.a.j.t.JMeterThread: Stopping because end time detected by thread: Thread Group 1-42
2023-10-13 11:00:17,458 INFO o.a.j.t.JMeterThread: Thread finished: Thread Group 1-42
2023-10-13 11:00:17,458 INFO o.a.j.t.JMeterThread: Stopping because end time detected by thread: Thread Group 1-23
2023-10-13 11:00:17,458 INFO o.a.j.t.JMeterThread: Thread finished: Thread Group 1-23
2023-10-13 11:00:17,458 INFO o.a.j.t.JMeterThread: Stopping because end time detected by thread: Thread Group 1-55
2023-10-13 11:00:17,458 INFO o.a.j.t.JMeterThread: Thread finished: Thread Group 1-55
2023-10-13 11:00:17,459 INFO o.a.j.t.JMeterThread: Stopping because end time detected by thread: Thread Group 1-99
2023-10-13 11:00:17,459 INFO o.a.j.t.JMeterThread: Thread finished: Thread Group 1-99
2023-10-13 11:00:17,459 INFO o.a.j.t.JMeterThread: Stopping because end time detected by thread: Thread Group 1-29
2023-10-13 11:00:17,459 INFO o.a.j.t.JMeterThread: Thread finished: Thread Group 1-29
2023-10-13 11:00:17,459 INFO o.a.j.t.JMeterThread: Stopping because end time detected by thread: Thread Group 1-32
2023-10-13 11:00:17,460 INFO o.a.j.t.JMeterThread: Stopping because end time detected by thread: Thread Group 1-92
2023-10-13 11:00:17,460 INFO o.a.j.t.JMeterThread: Thread finished: Thread Group 1-32
2023-10-13 11:00:17,460 INFO o.a.j.t.JMeterThread: Thread finished: Thread Group 1-92
2023-10-13 11:00:17,460 INFO o.a.j.t.JMeterThread: Stopping because end time detected by thread: Thread Group 1-41
2023-10-13 11:00:17,460 INFO o.a.j.t.JMeterThread: Thread finished: Thread Group 1-41
2023-10-13 11:00:17,461 INFO o.a.j.t.JMeterThread: Stopping because end time detected by thread: Thread Group 1-69
2023-10-13 11:00:17,461 INFO o.a.j.t.JMeterThread: Thread finished: Thread Group 1-69
2023-10-13 11:00:17,461 INFO o.a.j.t.JMeterThread: Stopping because end time detected by thread: Thread Group 1-33
2023-10-13 11:00:17,461 INFO o.a.j.t.JMeterThread: Stopping because end time detected by thread: Thread Group 1-63
2023-10-13 11:00:17,461 INFO o.a.j.t.JMeterThread: Thread finished: Thread Group 1-33
2023-10-13 11:00:17,461 INFO o.a.j.t.JMeterThread: Stopping because end time detected by thread: Thread Group 1-61
2023-10-13 11:00:17,461 INFO o.a.j.t.JMeterThread: Thread finished: Thread Group 1-63
2023-10-13 11:00:17,461 INFO o.a.j.t.JMeterThread: Stopping because end time detected by thread: Thread Group 1-24
2023-10-13 11:00:17,461 INFO o.a.j.t.JMeterThread: Thread finished: Thread Group 1-61
2023-10-13 11:00:17,461 INFO o.a.j.t.JMeterThread: Stopping because end time detected by thread: Thread Group 1-37
2023-10-13 11:00:17,461 INFO o.a.j.t.JMeterThread: Thread finished: Thread Group 1-37
2023-10-13 11:00:17,461 INFO o.a.j.t.JMeterThread: Stopping because end time detected by thread: Thread Group 1-62
2023-10-13 11:00:17,461 INFO o.a.j.t.JMeterThread: Stopping because end time detected by thread: Thread Group 1-83
2023-10-13 11:00:17,461 INFO o.a.j.t.JMeterThread: Stopping because end time detected by thread: Thread Group 1-57
2023-10-13 11:00:17,462 INFO o.a.j.t.JMeterThread: Thread finished: Thread Group 1-62
2023-10-13 11:00:17,462 INFO o.a.j.t.JMeterThread: Thread finished: Thread Group 1-83
2023-10-13 11:00:17,462 INFO o.a.j.t.JMeterThread: Stopping because end time detected by thread: Thread Group 1-80
2023-10-13 11:00:17,462 INFO o.a.j.t.JMeterThread: Stopping because end time detected by thread: Thread Group 1-28
2023-10-13 11:00:17,462 INFO o.a.j.t.JMeterThread: Stopping because end time detected by thread: Thread Group 1-68
2023-10-13 11:00:17,462 INFO o.a.j.t.JMeterThread: Thread finished: Thread Group 1-24
2023-10-13 11:00:17,462 INFO o.a.j.t.JMeterThread: Thread finished: Thread Group 1-68
2023-10-13 11:00:17,462 INFO o.a.j.t.JMeterThread: Thread finished: Thread Group 1-80
2023-10-13 11:00:17,462 INFO o.a.j.t.JMeterThread: Stopping because end time detected by thread: Thread Group 1-17
2023-10-13 11:00:17,462 INFO o.a.j.t.JMeterThread: Thread finished: Thread Group 1-17
2023-10-13 11:00:17,462 INFO o.a.j.t.JMeterThread: Stopping because end time detected by thread: Thread Group 1-52
2023-10-13 11:00:17,462 INFO o.a.j.t.JMeterThread: Thread finished: Thread Group 1-52
2023-10-13 11:00:17,462 INFO o.a.j.t.JMeterThread: Stopping because end time detected by thread: Thread Group 1-91
2023-10-13 11:00:17,462 INFO o.a.j.t.JMeterThread: Thread finished: Thread Group 1-91
2023-10-13 11:00:17,462 INFO o.a.j.t.JMeterThread: Stopping because end time detected by thread: Thread Group 1-86
2023-10-13 11:00:17,462 INFO o.a.j.t.JMeterThread: Thread finished: Thread Group 1-86
2023-10-13 11:00:17,463 INFO o.a.j.t.JMeterThread: Stopping because end time detected by thread: Thread Group 1-95
2023-10-13 11:00:17,463 INFO o.a.j.t.JMeterThread: Stopping because end time detected by thread: Thread Group 1-59
2023-10-13 11:00:17,463 INFO o.a.j.t.JMeterThread: Stopping because end time detected by thread: Thread Group 1-56
2023-10-13 11:00:17,463 INFO o.a.j.t.JMeterThread: Stopping because end time detected by thread: Thread Group 1-89
2023-10-13 11:00:17,463 INFO o.a.j.t.JMeterThread: Thread finished: Thread Group 1-89
2023-10-13 11:00:17,463 INFO o.a.j.t.JMeterThread: Stopping because end time detected by thread: Thread Group 1-70
2023-10-13 11:00:17,463 INFO o.a.j.t.JMeterThread: Thread finished: Thread Group 1-56
2023-10-13 11:00:17,463 INFO o.a.j.t.JMeterThread: Thread finished: Thread Group 1-59
2023-10-13 11:00:17,463 INFO o.a.j.t.JMeterThread: Stopping because end time detected by thread: Thread Group 1-47
2023-10-13 11:00:17,463 INFO o.a.j.t.JMeterThread: Thread finished: Thread Group 1-70
2023-10-13 11:00:17,463 INFO o.a.j.t.JMeterThread: Stopping because end time detected by thread: Thread Group 1-45
2023-10-13 11:00:17,463 INFO o.a.j.t.JMeterThread: Thread finished: Thread Group 1-45
2023-10-13 11:00:17,463 INFO o.a.j.t.JMeterThread: Stopping because end time detected by thread: Thread Group 1-65
2023-10-13 11:00:17,464 INFO o.a.j.t.JMeterThread: Thread finished: Thread Group 1-65
2023-10-13 11:00:17,464 INFO o.a.j.t.JMeterThread: Stopping because end time detected by thread: Thread Group 1-16
2023-10-13 11:00:17,464 INFO o.a.j.t.JMeterThread: Stopping because end time detected by thread: Thread Group 1-46
2023-10-13 11:00:17,464 INFO o.a.j.t.JMeterThread: Thread finished: Thread Group 1-16
2023-10-13 11:00:17,464 INFO o.a.j.t.JMeterThread: Stopping because end time detected by thread: Thread Group 1-84
2023-10-13 11:00:17,464 INFO o.a.j.t.JMeterThread: Stopping because end time detected by thread: Thread Group 1-39
2023-10-13 11:00:17,464 INFO o.a.j.t.JMeterThread: Thread finished: Thread Group 1-84
2023-10-13 11:00:17,464 INFO o.a.j.t.JMeterThread: Thread finished: Thread Group 1-39
2023-10-13 11:00:17,464 INFO o.a.j.t.JMeterThread: Stopping because end time detected by thread: Thread Group 1-34
2023-10-13 11:00:17,460 INFO o.a.j.t.JMeterThread: Stopping because end time detected by thread: Thread Group 1-36
2023-10-13 11:00:17,464 INFO o.a.j.t.JMeterThread: Stopping because end time detected by thread: Thread Group 1-88
2023-10-13 11:00:17,464 INFO o.a.j.t.JMeterThread: Thread finished: Thread Group 1-46
2023-10-13 11:00:17,464 INFO o.a.j.t.JMeterThread: Thread finished: Thread Group 1-34
2023-10-13 11:00:17,464 INFO o.a.j.t.JMeterThread: Thread finished: Thread Group 1-36
2023-10-13 11:00:17,464 INFO o.a.j.t.JMeterThread: Stopping because end time detected by thread: Thread Group 1-66
2023-10-13 11:00:17,464 INFO o.a.j.t.JMeterThread: Thread finished: Thread Group 1-66
2023-10-13 11:00:17,463 INFO o.a.j.t.JMeterThread: Stopping because end time detected by thread: Thread Group 1-44
2023-10-13 11:00:17,464 INFO o.a.j.t.JMeterThread: Stopping because end time detected by thread: Thread Group 1-51
2023-10-13 11:00:17,464 INFO o.a.j.t.JMeterThread: Thread finished: Thread Group 1-47
2023-10-13 11:00:17,463 INFO o.a.j.t.JMeterThread: Thread finished: Thread Group 1-95
2023-10-13 11:00:17,462 INFO o.a.j.t.JMeterThread: Stopping because end time detected by thread: Thread Group 1-26
2023-10-13 11:00:17,462 INFO o.a.j.t.JMeterThread: Thread finished: Thread Group 1-57
2023-10-13 11:00:17,461 INFO o.a.j.t.JMeterThread: Stopping because end time detected by thread: Thread Group 1-96
2023-10-13 11:00:17,465 INFO o.a.j.t.JMeterThread: Thread finished: Thread Group 1-26
2023-10-13 11:00:17,461 INFO o.a.j.t.JMeterThread: Stopping because end time detected by thread: Thread Group 1-76
2023-10-13 11:00:17,465 INFO o.a.j.t.JMeterThread: Thread finished: Thread Group 1-28
2023-10-13 11:00:17,464 INFO o.a.j.t.JMeterThread: Thread finished: Thread Group 1-51
2023-10-13 11:00:17,464 INFO o.a.j.t.JMeterThread: Thread finished: Thread Group 1-44
2023-10-13 11:00:17,465 INFO o.a.j.t.JMeterThread: Stopping because end time detected by thread: Thread Group 1-48
2023-10-13 11:00:17,465 INFO o.a.j.t.JMeterThread: Thread finished: Thread Group 1-96
2023-10-13 11:00:17,465 INFO o.a.j.t.JMeterThread: Thread finished: Thread Group 1-76
2023-10-13 11:00:17,464 INFO o.a.j.t.JMeterThread: Thread finished: Thread Group 1-88
2023-10-13 11:00:17,464 INFO o.a.j.t.JMeterThread: Stopping because end time detected by thread: Thread Group 1-72
2023-10-13 11:00:17,465 INFO o.a.j.t.JMeterThread: Thread finished: Thread Group 1-72
2023-10-13 11:00:17,465 INFO o.a.j.t.JMeterThread: Thread finished: Thread Group 1-48
2023-10-13 11:00:17,590 INFO o.a.j.t.JMeterThread: Stopping because end time detected by thread: Thread Group 1-38
2023-10-13 11:00:17,590 INFO o.a.j.t.JMeterThread: Thread finished: Thread Group 1-38
2023-10-13 11:00:17,591 INFO o.a.j.t.JMeterThread: Stopping because end time detected by thread: Thread Group 1-78
2023-10-13 11:00:17,592 INFO o.a.j.t.JMeterThread: Thread finished: Thread Group 1-78
2023-10-13 11:00:17,592 INFO o.a.j.t.JMeterThread: Stopping because end time detected by thread: Thread Group 1-60
2023-10-13 11:00:17,592 INFO o.a.j.t.JMeterThread: Thread finished: Thread Group 1-60
2023-10-13 11:00:17,602 INFO o.a.j.t.JMeterThread: Stopping because end time detected by thread: Thread Group 1-74
2023-10-13 11:00:17,602 INFO o.a.j.t.JMeterThread: Thread finished: Thread Group 1-74
2023-10-13 11:00:19,289 INFO o.a.j.t.JMeterThread: Stopping because end time detected by thread: Thread Group 1-54
2023-10-13 11:00:19,290 INFO o.a.j.t.JMeterThread: Thread finished: Thread Group 1-54
2023-10-13 11:00:19,297 INFO o.a.j.t.JMeterThread: Stopping because end time detected by thread: Thread Group 1-31
2023-10-13 11:00:19,297 INFO o.a.j.t.JMeterThread: Thread finished: Thread Group 1-31
2023-10-13 11:00:19,456 INFO o.a.j.t.JMeterThread: Stopping because end time detected by thread: Thread Group 1-87
2023-10-13 11:00:19,456 INFO o.a.j.t.JMeterThread: Thread finished: Thread Group 1-87
2023-10-13 11:00:19,456 INFO o.a.j.t.JMeterThread: Stopping because end time detected by thread: Thread Group 1-100
2023-10-13 11:00:19,456 INFO o.a.j.t.JMeterThread: Thread finished: Thread Group 1-100
2023-10-13 11:00:19,458 INFO o.a.j.t.JMeterThread: Stopping because end time detected by thread: Thread Group 1-10
2023-10-13 11:00:19,458 INFO o.a.j.t.JMeterThread: Thread finished: Thread Group 1-10
2023-10-13 11:00:19,460 INFO o.a.j.t.JMeterThread: Stopping because end time detected by thread: Thread Group 1-2
2023-10-13 11:00:19,460 INFO o.a.j.t.JMeterThread: Thread finished: Thread Group 1-2
2023-10-13 11:00:19,461 INFO o.a.j.t.JMeterThread: Stopping because end time detected by thread: Thread Group 1-8
2023-10-13 11:00:19,461 INFO o.a.j.t.JMeterThread: Stopping because end time detected by thread: Thread Group 1-49
2023-10-13 11:00:19,461 INFO o.a.j.t.JMeterThread: Thread finished: Thread Group 1-8
2023-10-13 11:00:19,461 INFO o.a.j.t.JMeterThread: Thread finished: Thread Group 1-49
2023-10-13 11:00:19,461 INFO o.a.j.t.JMeterThread: Stopping because end time detected by thread: Thread Group 1-9
2023-10-13 11:00:19,461 INFO o.a.j.t.JMeterThread: Thread finished: Thread Group 1-9
2023-10-13 11:00:19,591 INFO o.a.j.t.JMeterThread: Stopping because end time detected by thread: Thread Group 1-3
2023-10-13 11:00:19,591 INFO o.a.j.t.JMeterThread: Thread finished: Thread Group 1-3
2023-10-13 11:00:19,592 INFO o.a.j.t.JMeterThread: Stopping because end time detected by thread: Thread Group 1-15
2023-10-13 11:00:19,592 INFO o.a.j.t.JMeterThread: Thread finished: Thread Group 1-15
2023-10-13 11:00:19,594 INFO o.a.j.t.JMeterThread: Stopping because end time detected by thread: Thread Group 1-12
2023-10-13 11:00:19,594 INFO o.a.j.t.JMeterThread: Thread finished: Thread Group 1-12
2023-10-13 11:00:19,602 INFO o.a.j.t.JMeterThread: Stopping because end time detected by thread: Thread Group 1-4
2023-10-13 11:00:19,602 INFO o.a.j.t.JMeterThread: Thread finished: Thread Group 1-4
2023-10-13 11:00:21,291 INFO o.a.j.t.JMeterThread: Stopping because end time detected by thread: Thread Group 1-11
2023-10-13 11:00:21,292 INFO o.a.j.t.JMeterThread: Thread finished: Thread Group 1-11
2023-10-13 11:00:21,297 INFO o.a.j.t.JMeterThread: Stopping because end time detected by thread: Thread Group 1-13
2023-10-13 11:00:21,297 INFO o.a.j.t.JMeterThread: Thread finished: Thread Group 1-13
2023-10-13 11:00:21,457 INFO o.a.j.t.JMeterThread: Stopping because end time detected by thread: Thread Group 1-1
2023-10-13 11:00:21,457 INFO o.a.j.t.JMeterThread: Thread finished: Thread Group 1-1
2023-10-13 11:00:21,457 INFO o.a.j.t.JMeterThread: Stopping because end time detected by thread: Thread Group 1-7
2023-10-13 11:00:21,457 INFO o.a.j.t.JMeterThread: Thread finished: Thread Group 1-7
2023-10-13 11:00:21,459 INFO o.a.j.t.JMeterThread: Stopping because end time detected by thread: Thread Group 1-5
2023-10-13 11:00:21,459 INFO o.a.j.t.JMeterThread: Thread finished: Thread Group 1-5
2023-10-13 11:00:21,460 INFO o.a.j.e.StandardJMeterEngine: Notifying test listeners of end of test
2023-10-13 11:00:21,461 INFO o.a.j.r.Summariser: summary +     99 in 00:00:04 =   23.7/s Avg:  7199 Min:  1870 Max: 14132 Err:     0 (0.00%) Active: 0 Started: 100 Finished: 100
2023-10-13 11:00:21,461 INFO o.a.j.r.Summariser: summary =    495 in 00:00:34 =   14.4/s Avg:  6115 Min:     5 Max: 15841 Err:     0 (0.00%)
